This is pdfTeX, Version 3.1415926-2.5-1.40.14 (MiKTeX 2.9 64-bit) (preloaded format=pdflatex 2017.4.2)  2 APR 2017 09:10
entering extended mode
**Instruction*Format.tex

("S:\DropboxPortableAHK\Dropbox\McGill\Winter 2017\COMP 273 - Intro to Computer
 Systems\Project\ok-computer\Brainstorming\Instruction Format.tex"
LaTeX2e <2014/05/01>
Babel <3.9l> and hyphenation patterns for 68 languages loaded.
("C:\Program Files\MiKTeX 2.9\tex\latex\base\article.cls"
Document Class: article 2014/09/29 v1.4h Standard LaTeX document class
("C:\Program Files\MiKTeX 2.9\tex\latex\base\size10.clo"
File: size10.clo 2014/09/29 v1.4h Standard LaTeX file (size option)
)
\c@part=\count79
\c@section=\count80
\c@subsection=\count81
\c@subsubsection=\count82
\c@paragraph=\count83
\c@subparagraph=\count84
\c@figure=\count85
\c@table=\count86
\abovecaptionskip=\skip41
\belowcaptionskip=\skip42
\bibindent=\dimen102
)
("C:\Program Files\MiKTeX 2.9\tex\latex\tools\tabularx.sty"
Package: tabularx 2014/10/28 v2.10 `tabularx' package (DPC)

("C:\Program Files\MiKTeX 2.9\tex\latex\tools\array.sty"
Package: array 2014/10/28 v2.4c Tabular extension package (FMi)
\col@sep=\dimen103
\extrarowheight=\dimen104
\NC@list=\toks14
\extratabsurround=\skip43
\backup@length=\skip44
)
\TX@col@width=\dimen105
\TX@old@table=\dimen106
\TX@old@col=\dimen107
\TX@target=\dimen108
\TX@delta=\dimen109
\TX@cols=\count87
\TX@ftn=\toks15
)
("S:\DropboxPortableAHK\Dropbox\McGill\Winter 2017\COMP 273 - Intro to Computer
 Systems\Project\ok-computer\Brainstorming\Instruction Format.aux")
LaTeX Font Info:    Checking defaults for OML/cmm/m/it on input line 3.
LaTeX Font Info:    ... okay on input line 3.
LaTeX Font Info:    Checking defaults for T1/cmr/m/n on input line 3.
LaTeX Font Info:    ... okay on input line 3.
LaTeX Font Info:    Checking defaults for OT1/cmr/m/n on input line 3.
LaTeX Font Info:    ... okay on input line 3.
LaTeX Font Info:    Checking defaults for OMS/cmsy/m/n on input line 3.
LaTeX Font Info:    ... okay on input line 3.
LaTeX Font Info:    Checking defaults for OMX/cmex/m/n on input line 3.
LaTeX Font Info:    ... okay on input line 3.
LaTeX Font Info:    Checking defaults for U/cmr/m/n on input line 3.
LaTeX Font Info:    ... okay on input line 3.

Overfull \hbox (25.00003pt too wide) in paragraph at lines 7--14
[] 
 []


Overfull \hbox (25.00003pt too wide) in paragraph at lines 15--22
[] 
 []


Overfull \hbox (25.00003pt too wide) in paragraph at lines 23--30
[] 
 []


Overfull \hbox (25.00003pt too wide) in paragraph at lines 31--38
[] 
 []


Overfull \hbox (25.00003pt too wide) in paragraph at lines 39--46
[] 
 []


Overfull \hbox (25.00003pt too wide) in paragraph at lines 47--54
[] 
 []


Overfull \hbox (25.00003pt too wide) in paragraph at lines 55--62
[] 
 []


Overfull \hbox (25.00003pt too wide) in paragraph at lines 63--70
[] 
 []


Overfull \hbox (25.00003pt too wide) in paragraph at lines 71--78
[] 
 []


Overfull \hbox (25.00003pt too wide) in paragraph at lines 79--86
[] 
 []

[1

{C:/ProgramData/MiKTeX/2.9/pdftex/config/pdftex.map}]
Overfull \hbox (25.00003pt too wide) in paragraph at lines 87--94
[] 
 []

[2]
("S:\DropboxPortableAHK\Dropbox\McGill\Winter 2017\COMP 273 - Intro to Computer
 Systems\Project\ok-computer\Brainstorming\Instruction Format.aux") ) 
Here is how much of TeX's memory you used:
 307 strings out of 493705
 4288 string characters out of 3144541
 62522 words of memory out of 3000000
 3705 multiletter control sequences out of 15000+200000
 4245 words of font info for 16 fonts, out of 3000000 for 9000
 1025 hyphenation exceptions out of 8191
 23i,9n,17p,155b,231s stack positions out of 5000i,500n,10000p,200000b,50000s
<C:/Progra
m Files/MiKTeX 2.9/fonts/type1/public/amsfonts/cm/cmbx12.pfb><C:/Program Files/
MiKTeX 2.9/fonts/type1/public/amsfonts/cm/cmr10.pfb>
Output written on "Instruction Format.pdf" (2 pages, 32860 bytes).
PDF statistics:
 17 PDF objects out of 1000 (max. 8388607)
 0 named destinations out of 1000 (max. 500000)
 1 words of extra memory for PDF output out of 10000 (max. 10000000)

