This is pdfTeX, Version 3.1415926-2.5-1.40.14 (MiKTeX 2.9 64-bit) (preloaded format=pdflatex 2017.4.7)  9 APR 2017 20:14
entering extended mode
**\input WrittenDocument.tex

("s:\DropboxPortableAHK\Dropbox\McGill\Winter 2017\COMP 273 - Intro to Computer
 Systems\Project\ok-computer\Brainstorming\WrittenDocument.tex"
("C:\Program Files\MiKTeX 2.9\tex\latex\base\article.cls"
Document Class: article 2014/09/29 v1.4h Standard LaTeX document class
("C:\Program Files\MiKTeX 2.9\tex\latex\base\size10.clo"
File: size10.clo 2014/09/29 v1.4h Standard LaTeX file (size option)
)
\c@part=\count79
\c@section=\count80
\c@subsection=\count81
\c@subsubsection=\count82
\c@paragraph=\count83
\c@subparagraph=\count84
\c@figure=\count85
\c@table=\count86
\abovecaptionskip=\skip41
\belowcaptionskip=\skip42
\bibindent=\dimen102
)
("C:\Program Files\MiKTeX 2.9\tex\latex\geometry\geometry.sty"
Package: geometry 2010/09/12 v5.6 Page Geometry

("C:\Program Files\MiKTeX 2.9\tex\latex\graphics\keyval.sty"
Package: keyval 2014/10/28 v1.15 key=value parser (DPC)
\KV@toks@=\toks14
)
("C:\Program Files\MiKTeX 2.9\tex\generic\oberdiek\ifpdf.sty"
Package: ifpdf 2011/01/30 v2.3 Provides the ifpdf switch (HO)
Package ifpdf Info: pdfTeX in PDF mode is detected.
)
("C:\Program Files\MiKTeX 2.9\tex\generic\oberdiek\ifvtex.sty"
Package: ifvtex 2010/03/01 v1.5 Detect VTeX and its facilities (HO)
Package ifvtex Info: VTeX not detected.
)
("C:\Program Files\MiKTeX 2.9\tex\generic\ifxetex\ifxetex.sty"
Package: ifxetex 2010/09/12 v0.6 Provides ifxetex conditional
)
\Gm@cnth=\count87
\Gm@cntv=\count88
\c@Gm@tempcnt=\count89
\Gm@bindingoffset=\dimen103
\Gm@wd@mp=\dimen104
\Gm@odd@mp=\dimen105
\Gm@even@mp=\dimen106
\Gm@layoutwidth=\dimen107
\Gm@layoutheight=\dimen108
\Gm@layouthoffset=\dimen109
\Gm@layoutvoffset=\dimen110
\Gm@dimlist=\toks15

("C:\Program Files\MiKTeX 2.9\tex\latex\geometry\geometry.cfg"))
("C:\Program Files\MiKTeX 2.9\tex\latex\tools\tabularx.sty"
Package: tabularx 2014/10/28 v2.10 `tabularx' package (DPC)

("C:\Program Files\MiKTeX 2.9\tex\latex\tools\array.sty"
Package: array 2014/10/28 v2.4c Tabular extension package (FMi)
\col@sep=\dimen111
\extrarowheight=\dimen112
\NC@list=\toks16
\extratabsurround=\skip43
\backup@length=\skip44
)
\TX@col@width=\dimen113
\TX@old@table=\dimen114
\TX@old@col=\dimen115
\TX@target=\dimen116
\TX@delta=\dimen117
\TX@cols=\count90
\TX@ftn=\toks17
)
("C:\Program Files\MiKTeX 2.9\tex\latex\graphics\graphicx.sty"
Package: graphicx 2014/10/28 v1.0g Enhanced LaTeX Graphics (DPC,SPQR)

("C:\Program Files\MiKTeX 2.9\tex\latex\graphics\graphics.sty"
Package: graphics 2014/10/28 v1.0p Standard LaTeX Graphics (DPC,SPQR)

("C:\Program Files\MiKTeX 2.9\tex\latex\graphics\trig.sty"
Package: trig 1999/03/16 v1.09 sin cos tan (DPC)
)
("C:\Program Files\MiKTeX 2.9\tex\latex\00miktex\graphics.cfg"
File: graphics.cfg 2007/01/18 v1.5 graphics configuration of teTeX/TeXLive
)
Package graphics Info: Driver file: pdftex.def on input line 91.

("C:\Program Files\MiKTeX 2.9\tex\latex\pdftex-def\pdftex.def"
File: pdftex.def 2011/05/27 v0.06d Graphics/color for pdfTeX

("C:\Program Files\MiKTeX 2.9\tex\generic\oberdiek\infwarerr.sty"
Package: infwarerr 2010/04/08 v1.3 Providing info/warning/error messages (HO)
)
("C:\Program Files\MiKTeX 2.9\tex\generic\oberdiek\ltxcmds.sty"
Package: ltxcmds 2011/11/09 v1.22 LaTeX kernel commands for general use (HO)
)
\Gread@gobject=\count91
))
\Gin@req@height=\dimen118
\Gin@req@width=\dimen119
)
("s:\DropboxPortableAHK\Dropbox\McGill\Winter 2017\COMP 273 - Intro to Computer
 Systems\Project\ok-computer\Brainstorming\WrittenDocument.aux")
LaTeX Font Info:    Checking defaults for OML/cmm/m/it on input line 15.
LaTeX Font Info:    ... okay on input line 15.
LaTeX Font Info:    Checking defaults for T1/cmr/m/n on input line 15.
LaTeX Font Info:    ... okay on input line 15.
LaTeX Font Info:    Checking defaults for OT1/cmr/m/n on input line 15.
LaTeX Font Info:    ... okay on input line 15.
LaTeX Font Info:    Checking defaults for OMS/cmsy/m/n on input line 15.
LaTeX Font Info:    ... okay on input line 15.
LaTeX Font Info:    Checking defaults for OMX/cmex/m/n on input line 15.
LaTeX Font Info:    ... okay on input line 15.
LaTeX Font Info:    Checking defaults for U/cmr/m/n on input line 15.
LaTeX Font Info:    ... okay on input line 15.

*geometry* driver: auto-detecting
*geometry* detected driver: pdftex
*geometry* verbose mode - [ preamble ] result:
* driver: pdftex
* paper: <default>
* layout: <same size as paper>
* layoutoffset:(h,v)=(0.0pt,0.0pt)
* modes: 
* h-part:(L,W,R)=(72.26999pt, 469.75502pt, 72.26999pt)
* v-part:(T,H,B)=(72.26999pt, 650.43001pt, 72.26999pt)
* \paperwidth=614.295pt
* \paperheight=794.96999pt
* \textwidth=469.75502pt
* \textheight=650.43001pt
* \oddsidemargin=0.0pt
* \evensidemargin=0.0pt
* \topmargin=-37.0pt
* \headheight=12.0pt
* \headsep=25.0pt
* \topskip=10.0pt
* \footskip=30.0pt
* \marginparwidth=65.0pt
* \marginparsep=11.0pt
* \columnsep=10.0pt
* \skip\footins=9.0pt plus 4.0pt minus 2.0pt
* \hoffset=0.0pt
* \voffset=0.0pt
* \mag=1000
* \@twocolumnfalse
* \@twosidefalse
* \@mparswitchfalse
* \@reversemarginfalse
* (1in=72.27pt=25.4mm, 1cm=28.453pt)

("C:\Program Files\MiKTeX 2.9\tex\context\base\supp-pdf.mkii"
[Loading MPS to PDF converter (version 2006.09.02).]
\scratchcounter=\count92
\scratchdimen=\dimen120
\scratchbox=\box26
\nofMPsegments=\count93
\nofMParguments=\count94
\everyMPshowfont=\toks18
\MPscratchCnt=\count95
\MPscratchDim=\dimen121
\MPnumerator=\count96
\makeMPintoPDFobject=\count97
\everyMPtoPDFconversion=\toks19
)
LaTeX Font Info:    External font `cmex10' loaded for size
(Font)              <12> on input line 17.
LaTeX Font Info:    External font `cmex10' loaded for size
(Font)              <8> on input line 17.
LaTeX Font Info:    External font `cmex10' loaded for size
(Font)              <6> on input line 17.
 <CPU.png, id=1, 881.54344pt x 701.62125pt>
File: CPU.png Graphic file (type png)
 <use CPU.png>
Package pdftex.def Info: CPU.png used on input line 19.
(pdftex.def)             Requested size: 352.61113pt x 280.64352pt.

("s:\DropboxPortableAHK\Dropbox\McGill\Winter 2017\COMP 273 - Intro to Computer
 Systems\Project\ok-computer\Brainstorming\WrittenDocument.toc"
LaTeX Font Info:    External font `cmex10' loaded for size
(Font)              <7> on input line 14.
LaTeX Font Info:    External font `cmex10' loaded for size
(Font)              <5> on input line 14.
)
\tf@toc=\write3
 [1

{C:/ProgramData/MiKTeX/2.9/pdftex/config/pdftex.map} <s:/DropboxPortableAHK/Dro
pbox/McGill/Winter 2017/COMP 273 - Intro to Computer Systems/Project/ok-compute
r/Brainstorming/CPU.png>] <ON.png, id=15, 286.06876pt x 241.65282pt>
File: ON.png Graphic file (type png)
 <use ON.png>
Package pdftex.def Info: ON.png used on input line 28.
(pdftex.def)             Requested size: 143.03403pt x 120.82611pt.

<RAM.png, id=16, 370.38374pt x 280.04625pt>
File: RAM.png Graphic file (type png)
 <use RAM.png>
Package pdftex.def Info: RAM.png used on input line 30.
(pdftex.def)             Requested size: 185.1914pt x 140.02277pt.

<MARMBR.png, id=17, 213.79875pt x 263.48438pt>
File: MARMBR.png Graphic file (type png)
 <use MARMBR.png>
Package pdftex.def Info: MARMBR.png used on input line 32.
(pdftex.def)             Requested size: 149.6581pt x 184.43779pt.
 [1 <s:/DropboxPortableAHK/Dropbox/McGill/Winter 2017/COMP 273 - Intro to Compu
ter Systems/Project/ok-computer/Brainstorming/ON.png> <s:/DropboxPortableAHK/Dr
opbox/McGill/Winter 2017/COMP 273 - Intro to Computer Systems/Project/ok-comput
er/Brainstorming/RAM.png> <s:/DropboxPortableAHK/Dropbox/McGill/Winter 2017/COM
P 273 - Intro to Computer Systems/Project/ok-computer/Brainstorming/MARMBR.png>
]
<PC.png, id=25, 274.77657pt x 324.46219pt>
File: PC.png Graphic file (type png)
 <use PC.png>
Package pdftex.def Info: PC.png used on input line 34.
(pdftex.def)             Requested size: 137.38794pt x 162.23068pt.

<IR.png, id=26, 211.54031pt x 120.45pt>
File: IR.png Graphic file (type png)
 <use IR.png>
Package pdftex.def Info: IR.png used on input line 36.
(pdftex.def)             Requested size: 105.76988pt x 60.22484pt.

<ALU.png, id=27, 265.74281pt x 109.1578pt>
File: ALU.png Graphic file (type png)
 <use ALU.png>
Package pdftex.def Info: ALU.png used on input line 38.
(pdftex.def)             Requested size: 132.87108pt x 54.57877pt.

<MEQ.png, id=28, 258.9675pt x 382.42876pt>
File: MEQ.png Graphic file (type png)
 <use MEQ.png>
Package pdftex.def Info: MEQ.png used on input line 40.
(pdftex.def)             Requested size: 129.48341pt x 191.2139pt.
 [2 <s:/DropboxPortableAHK/Dropbox/McGill/Winter 2017/COMP 273 - Intro to Compu
ter Systems/Project/ok-computer/Brainstorming/PC.png> <s:/DropboxPortableAHK/Dr
opbox/McGill/Winter 2017/COMP 273 - Intro to Computer Systems/Project/ok-comput
er/Brainstorming/IR.png> <s:/DropboxPortableAHK/Dropbox/McGill/Winter 2017/COMP
 273 - Intro to Computer Systems/Project/ok-computer/Brainstorming/ALU.png>]
<DR.png, id=35, 375.65344pt x 328.22626pt>
File: DR.png Graphic file (type png)
 <use DR.png>
Package pdftex.def Info: DR.png used on input line 42.
(pdftex.def)             Requested size: 187.82625pt x 164.11272pt.

<CU.png, id=36, 462.97969pt x 465.23813pt>
File: CU.png Graphic file (type png)
 <use CU.png>
Package pdftex.def Info: CU.png used on input line 44.
(pdftex.def)             Requested size: 231.48927pt x 232.61848pt.
 [3 <s:/DropboxPortableAHK/Dropbox/McGill/Winter 2017/COMP 273 - Intro to Compu
ter Systems/Project/ok-computer/Brainstorming/MEQ.png> <s:/DropboxPortableAHK/D
ropbox/McGill/Winter 2017/COMP 273 - Intro to Computer Systems/Project/ok-compu
ter/Brainstorming/DR.png>] <DIS.png, id=42, 308.65312pt x 389.95688pt>
File: DIS.png Graphic file (type png)
 <use DIS.png>
Package pdftex.def Info: DIS.png used on input line 46.
(pdftex.def)             Requested size: 154.32617pt x 194.97795pt.

<KP.png, id=43, 197.98969pt x 298.86656pt>
File: KP.png Graphic file (type png)
 <use KP.png>
Package pdftex.def Info: KP.png used on input line 48.
(pdftex.def)             Requested size: 98.9946pt x 149.4329pt.
 [4 <s:/DropboxPortableAHK/Dropbox/McGill/Winter 2017/COMP 273 - Intro to Compu
ter Systems/Project/ok-computer/Brainstorming/CU.png> <s:/DropboxPortableAHK/Dr
opbox/McGill/Winter 2017/COMP 273 - Intro to Computer Systems/Project/ok-comput
er/Brainstorming/DIS.png>]
Underfull \hbox (badness 10000) in paragraph at lines 52--86

 []

[5 <s:/DropboxPortableAHK/Dropbox/McGill/Winter 2017/COMP 273 - Intro to Comput
er Systems/Project/ok-computer/Brainstorming/KP.png>]
Overfull \hbox (25.00003pt too wide) in paragraph at lines 115--123
[]
 []


Overfull \hbox (25.00003pt too wide) in paragraph at lines 124--132
[]
 []


Overfull \hbox (25.00003pt too wide) in paragraph at lines 133--141
[]
 []


Overfull \hbox (25.00003pt too wide) in paragraph at lines 142--150
[]
 []

[6]
Overfull \hbox (25.00003pt too wide) in paragraph at lines 151--159
[]
 []


Overfull \hbox (25.00003pt too wide) in paragraph at lines 160--168
[]
 []


Overfull \hbox (25.00003pt too wide) in paragraph at lines 169--177
[]
 []


Overfull \hbox (25.00003pt too wide) in paragraph at lines 178--186
[]
 []


Overfull \hbox (25.00003pt too wide) in paragraph at lines 187--195
[]
 []


Overfull \hbox (25.00003pt too wide) in paragraph at lines 196--204
[]
 []


Overfull \hbox (25.00003pt too wide) in paragraph at lines 205--213
[]
 []

[7] [8]
("s:\DropboxPortableAHK\Dropbox\McGill\Winter 2017\COMP 273 - Intro to Computer
 Systems\Project\ok-computer\Brainstorming\WrittenDocument.aux") ) 
Here is how much of TeX's memory you used:
 1783 strings out of 493705
 24910 string characters out of 3144541
 93863 words of memory out of 3000000
 5107 multiletter control sequences out of 15000+200000
 8549 words of font info for 30 fonts, out of 3000000 for 9000
 1025 hyphenation exceptions out of 8191
 27i,9n,32p,729b,232s stack positions out of 5000i,500n,10000p,200000b,50000s
<C:/Program F
iles/MiKTeX 2.9/fonts/type1/public/amsfonts/cm/cmbx10.pfb><C:/Program Files/MiK
TeX 2.9/fonts/type1/public/amsfonts/cm/cmbx12.pfb><C:/Program Files/MiKTeX 2.9/
fonts/type1/public/amsfonts/cm/cmcsc10.pfb><C:/Program Files/MiKTeX 2.9/fonts/t
ype1/public/amsfonts/cm/cmmi10.pfb><C:/Program Files/MiKTeX 2.9/fonts/type1/pub
lic/amsfonts/cm/cmr10.pfb><C:/Program Files/MiKTeX 2.9/fonts/type1/public/amsfo
nts/cm/cmr12.pfb><C:/Program Files/MiKTeX 2.9/fonts/type1/public/amsfonts/cm/cm
r17.pfb><C:/Program Files/MiKTeX 2.9/fonts/type1/public/amsfonts/cm/cmr8.pfb><C
:/Program Files/MiKTeX 2.9/fonts/type1/public/amsfonts/cm/cmsl10.pfb><C:/Progra
m Files/MiKTeX 2.9/fonts/type1/public/amsfonts/cm/cmsy10.pfb>
Output written on WrittenDocument.pdf (9 pages, 479392 bytes).
PDF statistics:
 97 PDF objects out of 1000 (max. 8388607)
 0 named destinations out of 1000 (max. 500000)
 61 words of extra memory for PDF output out of 10000 (max. 10000000)

